2013-07-27 15:43:07,963 - [INFO] - from play in main 
Listening for HTTP on /0:0:0:0:0:0:0:0:9000

2013-07-27 15:43:35,988 - [INFO] - from play in New I/O  worker #1 
database [default] connected at jdbc:h2:mem:play

2013-07-27 15:43:37,011 - [ERROR] - from application in New I/O  worker #1 


! @6f4lh7jgf - Internal server error, for (GET) [/] ->

play.api.db.evolutions.InvalidDatabaseRevision: Database 'default' needs evolution![An SQL script need to be run on your database.]
	at play.api.db.evolutions.EvolutionsPlugin$$anonfun$onStart$1$$anonfun$apply$1.apply$mcV$sp(Evolutions.scala:457) ~[play-jdbc_2.10.jar:2.1.0]
	at play.api.db.evolutions.EvolutionsPlugin.withLock(Evolutions.scala:478) ~[play-jdbc_2.10.jar:2.1.0]
	at play.api.db.evolutions.EvolutionsPlugin$$anonfun$onStart$1.apply(Evolutions.scala:434) ~[play-jdbc_2.10.jar:2.1.0]
	at play.api.db.evolutions.EvolutionsPlugin$$anonfun$onStart$1.apply(Evolutions.scala:432) ~[play-jdbc_2.10.jar:2.1.0]
	at scala.collection.immutable.List.foreach(List.scala:309) ~[scala-library.jar:na]
	at play.api.db.evolutions.EvolutionsPlugin.onStart(Evolutions.scala:432) ~[play-jdbc_2.10.jar:2.1.0]
	at play.api.Play$$anonfun$start$1$$anonfun$apply$mcV$sp$1.apply(Play.scala:63) ~[play_2.10.jar:2.1.0]
	at play.api.Play$$anonfun$start$1$$anonfun$apply$mcV$sp$1.apply(Play.scala:63) ~[play_2.10.jar:2.1.0]
	at scala.collection.immutable.List.foreach(List.scala:309) ~[scala-library.jar:na]
	at play.api.Play$$anonfun$start$1.apply$mcV$sp(Play.scala:63) ~[play_2.10.jar:2.1.0]
	at play.api.Play$$anonfun$start$1.apply(Play.scala:63) ~[play_2.10.jar:2.1.0]
	at play.api.Play$$anonfun$start$1.apply(Play.scala:63) ~[play_2.10.jar:2.1.0]
	at play.utils.Threads$.withContextClassLoader(Threads.scala:18) ~[play_2.10.jar:2.1.0]
	at play.api.Play$.start(Play.scala:62) ~[play_2.10.jar:2.1.0]
	at play.core.ReloadableApplication$$anonfun$get$1$$anonfun$1.apply(ApplicationProvider.scala:133) ~[play_2.10.jar:2.1.0]
	at play.core.ReloadableApplication$$anonfun$get$1$$anonfun$1.apply(ApplicationProvider.scala:106) ~[play_2.10.jar:2.1.0]
	at scala.Option.map(Option.scala:145) ~[scala-library.jar:na]
	at play.core.ReloadableApplication$$anonfun$get$1.apply(ApplicationProvider.scala:106) ~[play_2.10.jar:2.1.0]
	at play.core.ReloadableApplication$$anonfun$get$1.apply(ApplicationProvider.scala:104) ~[play_2.10.jar:2.1.0]
	at scala.util.Either$RightProjection.flatMap(Either.scala:523) [scala-library.jar:na]
	at play.core.ReloadableApplication.get(ApplicationProvider.scala:104) ~[play_2.10.jar:2.1.0]
	at play.core.server.Server$class.sendHandler$1(Server.scala:56) [play_2.10.jar:2.1.0]
	at play.core.server.Server$$anonfun$getHandlerFor$4.apply(Server.scala:88) [play_2.10.jar:2.1.0]
	at play.core.server.Server$$anonfun$getHandlerFor$4.apply(Server.scala:87) [play_2.10.jar:2.1.0]
	at scala.util.Either$RightProjection.flatMap(Either.scala:523) [scala-library.jar:na]
	at play.core.server.Server$class.getHandlerFor(Server.scala:87) [play_2.10.jar:2.1.0]
	at play.core.server.NettyServer.getHandlerFor(NettyServer.scala:34) [play_2.10.jar:2.1.0]
	at play.core.server.netty.PlayDefaultUpstreamHandler.messageReceived(PlayDefaultUpstreamHandler.scala:103) [play_2.10.jar:2.1.0]
	at org.jboss.netty.channel.SimpleChannelUpstreamHandler.handleUpstream(SimpleChannelUpstreamHandler.java:75) [netty.jar:na]
	at org.jboss.netty.channel.DefaultChannelPipeline.sendUpstream(DefaultChannelPipeline.java:565) [netty.jar:na]
	at org.jboss.netty.channel.DefaultChannelPipeline$DefaultChannelHandlerContext.sendUpstream(DefaultChannelPipeline.java:793) [netty.jar:na]
	at org.jboss.netty.handler.codec.http.HttpContentDecoder.messageReceived(HttpContentDecoder.java:104) [netty.jar:na]
	at org.jboss.netty.channel.SimpleChannelUpstreamHandler.handleUpstream(SimpleChannelUpstreamHandler.java:75) [netty.jar:na]
	at org.jboss.netty.channel.DefaultChannelPipeline.sendUpstream(DefaultChannelPipeline.java:565) [netty.jar:na]
	at org.jboss.netty.channel.DefaultChannelPipeline$DefaultChannelHandlerContext.sendUpstream(DefaultChannelPipeline.java:793) [netty.jar:na]
	at org.jboss.netty.channel.Channels.fireMessageReceived(Channels.java:296) [netty.jar:na]
	at org.jboss.netty.handler.codec.frame.FrameDecoder.unfoldAndFireMessageReceived(FrameDecoder.java:455) [netty.jar:na]
	at org.jboss.netty.handler.codec.replay.ReplayingDecoder.callDecode(ReplayingDecoder.java:538) [netty.jar:na]
	at org.jboss.netty.handler.codec.replay.ReplayingDecoder.messageReceived(ReplayingDecoder.java:437) [netty.jar:na]
	at org.jboss.netty.channel.SimpleChannelUpstreamHandler.handleUpstream(SimpleChannelUpstreamHandler.java:75) [netty.jar:na]
	at org.jboss.netty.channel.DefaultChannelPipeline.sendUpstream(DefaultChannelPipeline.java:565) [netty.jar:na]
	at org.jboss.netty.channel.DefaultChannelPipeline.sendUpstream(DefaultChannelPipeline.java:560) [netty.jar:na]
	at org.jboss.netty.channel.Channels.fireMessageReceived(Channels.java:268) [netty.jar:na]
	at org.jboss.netty.channel.Channels.fireMessageReceived(Channels.java:255) [netty.jar:na]
	at org.jboss.netty.channel.socket.nio.NioWorker.read(NioWorker.java:84) [netty.jar:na]
	at org.jboss.netty.channel.socket.nio.AbstractNioWorker.processSelectedKeys(AbstractNioWorker.java:472) [netty.jar:na]
	at org.jboss.netty.channel.socket.nio.AbstractNioWorker.run(AbstractNioWorker.java:333) [netty.jar:na]
	at org.jboss.netty.channel.socket.nio.NioWorker.run(NioWorker.java:35) [netty.jar:na]
	at org.jboss.netty.util.ThreadRenamingRunnable.run(ThreadRenamingRunnable.java:102) [netty.jar:na]
	at org.jboss.netty.util.internal.DeadLockProofWorker$1.run(DeadLockProofWorker.java:42) [netty.jar:na]
	at java.util.concurrent.ThreadPoolExecutor.runWorker(Unknown Source) [na:1.7.0]
	at java.util.concurrent.ThreadPoolExecutor$Worker.run(Unknown Source) [na:1.7.0]
	at java.lang.Thread.run(Unknown Source) [na:1.7.0]

2013-07-27 15:43:40,414 - [INFO] - from play in New I/O  worker #1 
database [default] connected at jdbc:h2:mem:play

2013-07-27 15:43:40,869 - [INFO] - from play in New I/O  worker #1 
Application started (Dev)

